<?xml version="1.0" encoding="UTF-8"?>
<!-- Generated by org.testng.reporters.JUnitXMLReporter -->
<testsuite ignored="1" hostname="PraveenSM-LP172" failures="0" tests="2" name="Test" time="14.23" errors="0" timestamp="2025-01-07T18:38:35 IST">
  <testcase classname="testExecute.Runner" name="testGmail" time="10.154"/>
  <testcase classname="testExecute.Runner" name="testGoogle" time="11.929"/>
  <testcase classname="testExecute.Runner" name="test" time="0.0">
    <ignored/>
  </testcase> <!-- test -->
</testsuite> <!-- Test -->
