<?xml version="1.0" encoding="UTF-8"?>
<testng-results ignored="1" total="3" passed="2" failed="0" skipped="0">
  <reporter-output>
  </reporter-output>
  <suite started-at="2025-01-07T18:38:21 IST" name="Suite" finished-at="2025-01-07T18:38:35 IST" duration-ms="14230">
    <groups>
    </groups>
    <test started-at="2025-01-07T18:38:21 IST" name="Test" finished-at="2025-01-07T18:38:35 IST" duration-ms="14230">
      <class name="testExecute.Runner">
        <test-method is-config="true" signature="set()[pri:0, instance:testExecute.Runner@24269709]" started-at="2025-01-07T18:38:21 IST" name="set" finished-at="2025-01-07T18:38:21 IST" duration-ms="66" status="PASS">
          <reporter-output>
          </reporter-output>
        </test-method> <!-- set -->
        <test-method is-config="true" signature="setup()[pri:0, instance:testExecute.Runner@24269709]" started-at="2025-01-07T18:38:21 IST" name="setup" finished-at="2025-01-07T18:38:21 IST" duration-ms="67" status="PASS">
          <reporter-output>
          </reporter-output>
        </test-method> <!-- setup -->
        <test-method is-config="true" signature="initializeWebDriver(org.testng.ITestResult)[pri:0, instance:testExecute.Runner@24269709]" started-at="2025-01-07T18:38:21 IST" name="initializeWebDriver" finished-at="2025-01-07T18:38:23 IST" duration-ms="1805" status="PASS">
          <params>
            <param index="0">
              <value>
                <![CDATA[[TestResult name={null} status=CREATED method=Runner.testGoogle()[pri:0, instance:testExecute.Runner@24269709] output={null}]]]>
              </value>
            </param>
          </params>
          <reporter-output>
          </reporter-output>
        </test-method> <!-- initializeWebDriver -->
        <test-method is-config="true" signature="initializeWebDriver(org.testng.ITestResult)[pri:0, instance:testExecute.Runner@24269709]" started-at="2025-01-07T18:38:21 IST" name="initializeWebDriver" finished-at="2025-01-07T18:38:23 IST" duration-ms="1805" status="PASS">
          <params>
            <param index="0">
              <value>
                <![CDATA[[TestResult name={null} status=CREATED method=Runner.testGmail()[pri:0, instance:testExecute.Runner@24269709] output={null}]]]>
              </value>
            </param>
          </params>
          <reporter-output>
          </reporter-output>
        </test-method> <!-- initializeWebDriver -->
        <test-method signature="testGoogle()[pri:0, instance:testExecute.Runner@24269709]" started-at="2025-01-07T18:38:23 IST" name="testGoogle" finished-at="2025-01-07T18:38:35 IST" duration-ms="11929" status="PASS">
          <reporter-output>
          </reporter-output>
        </test-method> <!-- testGoogle -->
        <test-method signature="testGmail()[pri:0, instance:testExecute.Runner@24269709]" started-at="2025-01-07T18:38:23 IST" name="testGmail" finished-at="2025-01-07T18:38:33 IST" duration-ms="10154" status="PASS">
          <reporter-output>
          </reporter-output>
        </test-method> <!-- testGmail -->
        <test-method is-config="true" signature="addResultAndCloseDriver(org.testng.ITestResult)[pri:0, instance:testExecute.Runner@24269709]" started-at="2025-01-07T18:38:33 IST" name="addResultAndCloseDriver" finished-at="2025-01-07T18:38:33 IST" duration-ms="322" status="PASS">
          <params>
            <param index="0">
              <value>
                <![CDATA[[TestResult name=testGmail status=SUCCESS method=Runner.testGmail()[pri:0, instance:testExecute.Runner@24269709] output={null}]]]>
              </value>
            </param>
          </params>
          <reporter-output>
          </reporter-output>
        </test-method> <!-- addResultAndCloseDriver -->
        <test-method is-config="true" signature="addResultAndCloseDriver(org.testng.ITestResult)[pri:0, instance:testExecute.Runner@24269709]" started-at="2025-01-07T18:38:35 IST" name="addResultAndCloseDriver" finished-at="2025-01-07T18:38:35 IST" duration-ms="14" status="PASS">
          <params>
            <param index="0">
              <value>
                <![CDATA[[TestResult name=testGoogle status=SUCCESS method=Runner.testGoogle()[pri:0, instance:testExecute.Runner@24269709] output={null}]]]>
              </value>
            </param>
          </params>
          <reporter-output>
          </reporter-output>
        </test-method> <!-- addResultAndCloseDriver -->
        <test-method is-config="true" signature="tearDown()[pri:0, instance:testExecute.Runner@24269709]" started-at="2025-01-07T18:38:35 IST" name="tearDown" finished-at="2025-01-07T18:38:35 IST" duration-ms="387" status="PASS">
          <reporter-output>
          </reporter-output>
        </test-method> <!-- tearDown -->
      </class> <!-- testExecute.Runner -->
    </test> <!-- Test -->
  </suite> <!-- Suite -->
</testng-results>
